<?xml version="1.0" encoding="UTF-8"?>
<!-- Generated by org.testng.reporters.JUnitReportReporter -->
<testsuite skipped="0" hostname="YusufAhmed" name="HomePage" tests="1" failures="0" timestamp="29 Nov 2018 15:14:11 GMT" time="0.016" errors="0">
  <testcase name="test" time="0.016" classname="HomePage"/>
</testsuite> <!-- HomePage -->
