<?xml version="1.0" encoding="UTF-8"?>
<!-- Generated by org.testng.reporters.JUnitReportReporter -->
<testsuite skipped="0" hostname="YusufAhmed" name="com.crm.base.TestBase" tests="1" failures="0" timestamp="10 Dec 2018 19:37:18 GMT" time="9.250" errors="0">
  <testcase name="openBrowser" time="9.250" classname="com.crm.base.TestBase"/>
</testsuite> <!-- com.crm.base.TestBase -->
