<?xml version="1.0" encoding="UTF-8"?>
<!-- Generated by org.testng.reporters.JUnitReportReporter -->
<testsuite skipped="0" hostname="YusufAhmed" name="com.cra.tests.OpenBrowser" tests="1" failures="0" timestamp="27 Mar 2019 15:53:18 GMT" time="9.105" errors="0">
  <testcase name="openBrowser" time="9.105" classname="com.cra.tests.OpenBrowser"/>
</testsuite> <!-- com.cra.tests.OpenBrowser -->
